--------------------------------------------------------------------------------
Makelog started: 2023-10-22 16:42:26
Working directory: /Users/lawrencechen/Desktop/gentzkow/data
--------------------------------------------------------------------------------
Input links successfully created!
External links successfully created!
Source logs successfully written!
WARNING! The following target files have been modified according to git status:
/Users/lawrencechen/Desktop/gentzkow/raw/tv.csv
/Users/lawrencechen/Desktop/gentzkow/raw/chips.csv
Version logs successfully written!
Executing command: `python  "/Users/lawrencechen/Desktop/gentzkow/data/code/merge_data.py" `
Executing command: `python  "/Users/lawrencechen/Desktop/gentzkow/data/code/clean_data.py" `
/Users/lawrencechen/Desktop/gentzkow/data/code/clean_data.py:29: SettingWithCopyWarning: 
A value is trying to be set on a copy of a slice from a DataFrame

See the caveats in the documentation: https://pandas.pydata.org/pandas-docs/stable/user_guide/indexing.html#returning-a-view-versus-a-copy
  df['chips_sold'][df['chips_sold'] == -999999] = np.NaN

Output logs successfully written!
--------------------------------------------------------------------------------
Makelog ended: 2023-10-22 16:42:32
Working directory: /Users/lawrencechen/Desktop/gentzkow/data
--------------------------------------------------------------------------------
