File headers
--------------------------------------------------------------------------------
/Users/zong/template/data/output/data_table.csv
--------------------------------------------------------------------------------
"x"
2
4
6
8
10
12
14
16
18
--------------------------------------------------------------------------------
/Users/zong/template/data/output/data_graph.csv
--------------------------------------------------------------------------------
x
2
4
6
8
10
12
14
16
18
--------------------------------------------------------------------------------
