File headers
--------------------------------------------------------------------------------
/Users/zong/template/raw/tv.csv
--------------------------------------------------------------------------------
county_id,year_tv_introduced
1,1951
2,1957
3,1958
4,1952
5,1951
6,1952
7,1959
8,1959
9,1959
--------------------------------------------------------------------------------
/Users/zong/template/raw/chips.csv
--------------------------------------------------------------------------------
county_id,year,chips_sold
1,1940,265508.6631421
2,1940,372123.89963679016
3,1940,572853.3633518964
4,1940,908207.7899947762
5,1940,201681.9310374558
6,1940,898389.6849676967
7,1940,944675.2686053514
8,1940,660797.7924868464
9,1940,629114.0438988805
--------------------------------------------------------------------------------
