--------------------------------------------------------------------------------
Versions log started: 2024-11-03 17:45:15
--------------------------------------------------------------------------------
# packages in environment at /Users/danielashuman/anaconda3/envs/template:
#
# Name                    Version                   Build  Channel
anyio                     4.6.2.post1        pyhd8ed1ab_0    conda-forge
appnope                   0.1.4              pyhd8ed1ab_0    conda-forge
argon2-cffi               23.1.0             pyhd8ed1ab_0    conda-forge
argon2-cffi-bindings      21.2.0          py313h20a7fcf_5    conda-forge
arrow                     1.3.0              pyhd8ed1ab_0    conda-forge
astor                     0.8.1              pyh9f0ad1d_0    conda-forge
asttokens                 2.4.1              pyhd8ed1ab_0    conda-forge
async-lru                 2.0.4              pyhd8ed1ab_0    conda-forge
attrs                     24.2.0             pyh71513ae_0    conda-forge
babel                     2.14.0             pyhd8ed1ab_0    conda-forge
beautifulsoup4            4.12.3             pyha770c72_0    conda-forge
bleach                    6.2.0              pyhd8ed1ab_0    conda-forge
brotli                    1.1.0                hd74edd7_2    conda-forge
brotli-bin                1.1.0                hd74edd7_2    conda-forge
brotli-python             1.1.0           py313h3579c5c_2    conda-forge
bzip2                     1.0.8                h99b78c6_7    conda-forge
ca-certificates           2024.8.30            hf0a4a13_0    conda-forge
cached-property           1.5.2                hd8ed1ab_1    conda-forge
cached_property           1.5.2              pyha770c72_1    conda-forge
certifi                   2024.8.30          pyhd8ed1ab_0    conda-forge
cffi                      1.17.1          py313hc845a76_0    conda-forge
charset-normalizer        3.4.0              pyhd8ed1ab_0    conda-forge
colorama                  0.4.6              pyhd8ed1ab_0    conda-forge
comm                      0.2.2              pyhd8ed1ab_0    conda-forge
contourpy                 1.3.0           py313hc846e5e_2    conda-forge
cycler                    0.12.1             pyhd8ed1ab_0    conda-forge
debugpy                   1.8.7           py313h3579c5c_0    conda-forge
decorator                 5.1.1              pyhd8ed1ab_0    conda-forge
defusedxml                0.7.1              pyhd8ed1ab_0    conda-forge
entrypoints               0.4                pyhd8ed1ab_0    conda-forge
exceptiongroup            1.2.2              pyhd8ed1ab_0    conda-forge
executing                 2.1.0              pyhd8ed1ab_0    conda-forge
fonttools                 4.54.1          py313heb2b014_1    conda-forge
formulaic                 1.0.2              pyhd8ed1ab_0    conda-forge
fqdn                      1.5.1              pyhd8ed1ab_0    conda-forge
freetype                  2.12.1               hadb7bae_2    conda-forge
gitdb                     4.0.11             pyhd8ed1ab_0    conda-forge
gitpython                 3.1.43             pyhd8ed1ab_0    conda-forge
graphlib-backport         1.0.3              pyhd8ed1ab_0    conda-forge
h11                       0.14.0             pyhd8ed1ab_0    conda-forge
h2                        4.1.0              pyhd8ed1ab_0    conda-forge
hpack                     4.0.0              pyh9f0ad1d_0    conda-forge
httpcore                  1.0.6              pyhd8ed1ab_0    conda-forge
httpx                     0.27.2             pyhd8ed1ab_0    conda-forge
hyperframe                6.0.1              pyhd8ed1ab_0    conda-forge
idna                      3.10               pyhd8ed1ab_0    conda-forge
importlib-metadata        8.5.0              pyha770c72_0    conda-forge
importlib_metadata        8.5.0                hd8ed1ab_0    conda-forge
importlib_resources       6.4.5              pyhd8ed1ab_0    conda-forge
interface_meta            1.3.0              pyhd8ed1ab_0    conda-forge
ipykernel                 6.29.5             pyh57ce528_0    conda-forge
ipython                   8.29.0             pyh707e725_0    conda-forge
ipywidgets                8.1.5              pyhd8ed1ab_0    conda-forge
isoduration               20.11.0            pyhd8ed1ab_0    conda-forge
jedi                      0.19.1             pyhd8ed1ab_0    conda-forge
jinja2                    3.1.4              pyhd8ed1ab_0    conda-forge
json5                     0.9.25             pyhd8ed1ab_0    conda-forge
jsonpointer               3.0.0           py313h8f79df9_1    conda-forge
jsonschema                4.23.0             pyhd8ed1ab_0    conda-forge
jsonschema-specifications 2024.10.1          pyhd8ed1ab_0    conda-forge
jsonschema-with-format-nongpl 4.23.0               hd8ed1ab_0    conda-forge
jupyter                   1.1.1              pyhd8ed1ab_0    conda-forge
jupyter-lsp               2.2.5              pyhd8ed1ab_0    conda-forge
jupyter_client            8.6.3              pyhd8ed1ab_0    conda-forge
jupyter_console           6.6.3              pyhd8ed1ab_0    conda-forge
jupyter_core              5.7.2              pyh31011fe_1    conda-forge
jupyter_events            0.10.0             pyhd8ed1ab_0    conda-forge
jupyter_server            2.14.2             pyhd8ed1ab_0    conda-forge
jupyter_server_terminals  0.5.3              pyhd8ed1ab_0    conda-forge
jupyterlab                4.2.5              pyhd8ed1ab_0    conda-forge
jupyterlab_pygments       0.3.0              pyhd8ed1ab_1    conda-forge
jupyterlab_server         2.27.3             pyhd8ed1ab_0    conda-forge
jupyterlab_widgets        3.0.13             pyhd8ed1ab_0    conda-forge
kiwisolver                1.4.7           py313hf9c7212_0    conda-forge
krb5                      1.21.3               h237132a_0    conda-forge
lcms2                     2.16                 ha0e7c42_0    conda-forge
lerc                      4.0.0                h9a09cb3_0    conda-forge
libblas                   3.9.0           25_osxarm64_openblas    conda-forge
libbrotlicommon           1.1.0                hd74edd7_2    conda-forge
libbrotlidec              1.1.0                hd74edd7_2    conda-forge
libbrotlienc              1.1.0                hd74edd7_2    conda-forge
libcblas                  3.9.0           25_osxarm64_openblas    conda-forge
libcxx                    19.1.3               ha82da77_0    conda-forge
libdeflate                1.22                 hd74edd7_0    conda-forge
libedit                   3.1.20191231         hc8eb9b7_2    conda-forge
libexpat                  2.6.3                hf9b8971_0    conda-forge
libffi                    3.4.2                h3422bc3_5    conda-forge
libgfortran               5.0.0           13_2_0_hd922786_3    conda-forge
libgfortran5              13.2.0               hf226fd6_3    conda-forge
libjpeg-turbo             3.0.0                hb547adb_1    conda-forge
liblapack                 3.9.0           25_osxarm64_openblas    conda-forge
libmpdec                  4.0.0                h99b78c6_0    conda-forge
libopenblas               0.3.28          openmp_h517c56d_0    conda-forge
libpng                    1.6.44               hc14010f_0    conda-forge
libsodium                 1.0.20               h99b78c6_0    conda-forge
libsqlite                 3.47.0               hbaaea75_1    conda-forge
libtiff                   4.7.0                hfce79cd_1    conda-forge
libwebp-base              1.4.0                h93a5062_0    conda-forge
libxcb                    1.17.0               hdb1d25a_0    conda-forge
libzlib                   1.3.1                h8359307_2    conda-forge
linearmodels              6.1             py313h93df234_0    conda-forge
llvm-openmp               19.1.3               hb52a8e5_0    conda-forge
markupsafe                3.0.2           py313heb2b014_0    conda-forge
matplotlib                3.9.2           py313h39782a4_1    conda-forge
matplotlib-base           3.9.2           py313h3f078ce_1    conda-forge
matplotlib-inline         0.1.7              pyhd8ed1ab_0    conda-forge
mistune                   3.0.2              pyhd8ed1ab_0    conda-forge
munkres                   1.1.4              pyh9f0ad1d_0    conda-forge
mypy_extensions           1.0.0              pyha770c72_0    conda-forge
nbclient                  0.10.0             pyhd8ed1ab_0    conda-forge
nbconvert-core            7.16.4             pyhd8ed1ab_1    conda-forge
nbformat                  5.10.4             pyhd8ed1ab_0    conda-forge
ncurses                   6.5                  h7bae524_1    conda-forge
nest-asyncio              1.6.0              pyhd8ed1ab_0    conda-forge
notebook                  7.2.2              pyhd8ed1ab_0    conda-forge
notebook-shim             0.2.4              pyhd8ed1ab_0    conda-forge
numpy                     2.1.3           py313hca4752e_0    conda-forge
openjpeg                  2.5.2                h9f1df11_0    conda-forge
openssl                   3.3.2                h8359307_0    conda-forge
overrides                 7.7.0              pyhd8ed1ab_0    conda-forge
packaging                 24.1               pyhd8ed1ab_0    conda-forge
pandas                    2.2.3           py313h47b39a6_1    conda-forge
pandocfilters             1.5.0              pyhd8ed1ab_0    conda-forge
parso                     0.8.4              pyhd8ed1ab_0    conda-forge
patsy                     0.5.6              pyhd8ed1ab_0    conda-forge
pexpect                   4.9.0              pyhd8ed1ab_0    conda-forge
pickleshare               0.7.5                   py_1003    conda-forge
pillow                    11.0.0          py313h97432e1_0    conda-forge
pip                       24.3.1             pyh145f28c_0    conda-forge
pkgutil-resolve-name      1.3.10             pyhd8ed1ab_1    conda-forge
platformdirs              4.3.6              pyhd8ed1ab_0    conda-forge
prometheus_client         0.21.0             pyhd8ed1ab_0    conda-forge
prompt-toolkit            3.0.48             pyha770c72_0    conda-forge
prompt_toolkit            3.0.48               hd8ed1ab_0    conda-forge
psutil                    6.1.0           py313h63a2874_0    conda-forge
pthread-stubs             0.4               hd74edd7_1002    conda-forge
ptyprocess                0.7.0              pyhd3deb0d_0    conda-forge
pure_eval                 0.2.3              pyhd8ed1ab_0    conda-forge
pycparser                 2.22               pyhd8ed1ab_0    conda-forge
pygments                  2.18.0             pyhd8ed1ab_0    conda-forge
pyhdfe                    0.2.0              pyhd8ed1ab_0    conda-forge
pyobjc-core               10.3.1          py313h33780c8_1    conda-forge
pyobjc-framework-cocoa    10.3.1          py313h33780c8_1    conda-forge
pyparsing                 3.2.0              pyhd8ed1ab_1    conda-forge
pysocks                   1.7.1              pyha2e5f31_6    conda-forge
python                    3.13.0          h75c3a9f_100_cp313    conda-forge
python-dateutil           2.9.0              pyhd8ed1ab_0    conda-forge
python-fastjsonschema     2.20.0             pyhd8ed1ab_0    conda-forge
python-json-logger        2.0.7              pyhd8ed1ab_0    conda-forge
python-tzdata             2024.2             pyhd8ed1ab_0    conda-forge
python_abi                3.13                    5_cp313    conda-forge
pytz                      2024.1             pyhd8ed1ab_0    conda-forge
pyyaml                    6.0.2           py313h20a7fcf_1    conda-forge
pyzmq                     26.2.0          py313h0e8b002_3    conda-forge
qhull                     2020.2               h420ef59_5    conda-forge
readline                  8.2                  h92ec313_1    conda-forge
referencing               0.35.1             pyhd8ed1ab_0    conda-forge
requests                  2.32.3             pyhd8ed1ab_0    conda-forge
rfc3339-validator         0.1.4              pyhd8ed1ab_0    conda-forge
rfc3986-validator         0.1.1              pyh9f0ad1d_0    conda-forge
rpds-py                   0.20.1          py313hdde674f_0    conda-forge
scipy                     1.14.1          py313hb3ee861_1    conda-forge
send2trash                1.8.3              pyh31c8845_0    conda-forge
setuptools                75.3.0             pyhd8ed1ab_0    conda-forge
six                       1.16.0             pyh6c4a22f_0    conda-forge
smmap                     5.0.0              pyhd8ed1ab_0    conda-forge
sniffio                   1.3.1              pyhd8ed1ab_0    conda-forge
soupsieve                 2.5                pyhd8ed1ab_1    conda-forge
stack_data                0.6.2              pyhd8ed1ab_0    conda-forge
statsmodels               0.14.4          py313h93df234_0    conda-forge
termcolor                 2.5.0              pyhd8ed1ab_0    conda-forge
terminado                 0.18.1             pyh31c8845_0    conda-forge
tinycss2                  1.4.0              pyhd8ed1ab_0    conda-forge
tk                        8.6.13               h5083fa2_1    conda-forge
tomli                     2.0.2              pyhd8ed1ab_0    conda-forge
tornado                   6.4.1           py313h20a7fcf_1    conda-forge
traitlets                 5.14.3             pyhd8ed1ab_0    conda-forge
types-python-dateutil     2.9.0.20241003     pyhff2d567_0    conda-forge
typing-extensions         4.12.2               hd8ed1ab_0    conda-forge
typing_extensions         4.12.2             pyha770c72_0    conda-forge
typing_utils              0.1.0              pyhd8ed1ab_0    conda-forge
tzdata                    2024b                hc8b5060_0    conda-forge
uri-template              1.3.0              pyhd8ed1ab_0    conda-forge
urllib3                   2.2.3              pyhd8ed1ab_0    conda-forge
wcwidth                   0.2.13             pyhd8ed1ab_0    conda-forge
webcolors                 24.8.0             pyhd8ed1ab_0    conda-forge
webencodings              0.5.1              pyhd8ed1ab_2    conda-forge
websocket-client          1.8.0              pyhd8ed1ab_0    conda-forge
widgetsnbextension        4.0.13             pyhd8ed1ab_0    conda-forge
wrapt                     1.16.0          py313h20a7fcf_1    conda-forge
xorg-libxau               1.0.11               hd74edd7_1    conda-forge
xorg-libxdmcp             1.1.5                hd74edd7_0    conda-forge
xz                        5.2.6                h57fd34a_0    conda-forge
yaml                      0.2.5                h3422bc3_2    conda-forge
zeromq                    4.3.5                h9f5b81c_6    conda-forge
zipp                      3.20.2             pyhd8ed1ab_0    conda-forge
zstandard                 0.23.0          py313hf2da073_1    conda-forge
zstd                      1.5.6                hb46c0d2_0    conda-forge

