Executing: pdflatex my_project_slides.tex >> "../output/make.log"
Executing: bibtex my_project_slides.aux >> "../output/make.log"
Error: bibtex failed. See ../output/make.log for details.
Sleeping 1 second...
Executing: pdflatex my_project_slides.tex >> "../output/make.log"
Executing: pdflatex my_project_slides.tex >> "../output/make.log"
tex/latex/base/article.cls
Document Class: article 2020/04/10 v1.4m Standard LaTeX document class
(/usr/local/texlive/2021/texmf-dist/tex/latex/base/size12.clo))
(/usr/local/texlive/2021/texmf-dist/tex/latex/float/float.sty)
(/usr/local/texlive/2021/texmf-dist/tex/latex/amsmath/amsmath.sty
For additional information on amsmath, use the `?' option.
(/usr/local/texlive/2021/texmf-dist/tex/latex/amsmath/amstext.sty
(/usr/local/texlive/2021/texmf-dist/tex/latex/amsmath/amsgen.sty))
(/usr/local/texlive/2021/texmf-dist/tex/latex/amsmath/amsbsy.sty)
(/usr/local/texlive/2021/texmf-dist/tex/latex/amsmath/amsopn.sty))
(/usr/local/texlive/2021/texmf-dist/tex/latex/amscls/amsthm.sty)
(/usr/local/texlive/2021/texmf-dist/tex/latex/amsfonts/amssymb.sty
(/usr/local/texlive/2021/texmf-dist/tex/latex/amsfonts/amsfonts.sty))
(/usr/local/texlive/2021/texmf-dist/tex/latex/graphics/graphicx.sty
(/usr/local/texlive/2021/texmf-dist/tex/latex/graphics/keyval.sty)
(/usr/local/texlive/2021/texmf-dist/tex/latex/graphics/graphics.sty
(/usr/local/texlive/2021/texmf-dist/tex/latex/graphics/trig.sty)
(/usr/local/texlive/2021/texmf-dist/tex/latex/graphics-cfg/graphics.cfg)
(/usr/local/texlive/2021/texmf-dist/tex/latex/graphics-def/pdftex.def)))
(/usr/local/texlive/2021/texmf-dist/tex/latex/natbib/natbib.sty)
(/usr/local/texlive/2021/texmf-dist/tex/latex/setspace/setspace.sty)
(/usr/local/texlive/2021/texmf-dist/tex/latex/geometry/geometry.sty
(/usr/local/texlive/2021/texmf-dist/tex/generic/iftex/ifvtex.sty
(/usr/local/texlive/2021/texmf-dist/tex/generic/iftex/iftex.sty)))
(/usr/local/texlive/2021/texmf-dist/tex/latex/datetime/datetime.sty
(/usr/local/texlive/2021/texmf-dist/tex/latex/etoolbox/etoolbox.sty)
(/usr/local/texlive/2021/texmf-dist/tex/latex/fmtcount/fmtcount.sty
(/usr/local/texlive/2021/texmf-dist/tex/latex/base/ifthen.sty)
(/usr/local/texlive/2021/texmf-dist/tex/latex/xkeyval/xkeyval.sty
(/usr/local/texlive/2021/texmf-dist/tex/generic/xkeyval/xkeyval.tex
(/usr/local/texlive/2021/texmf-dist/tex/generic/xkeyval/xkvutils.tex)))
(/usr/local/texlive/2021/texmf-dist/tex/latex/fmtcount/fcprefix.sty
(/usr/local/texlive/2021/texmf-dist/tex/latex/fmtcount/fcnumparser.sty)))
(/usr/local/texlive/2021/texmf-dist/tex/latex/datetime/datetime-defaults.sty))
(/usr/local/texlive/2021/texmf-dist/tex/generic/babel/babel.sty
(/usr/local/texlive/2021/texmf-dist/tex/generic/babel/babel.def
(/usr/local/texlive/2021/texmf-dist/tex/generic/babel/txtbabel.def))
(/usr/local/texlive/2021/texmf-dist/tex/generic/babel-english/english.ldf))
(/usr/local/texlive/2021/texmf-dist/tex/latex/psnfss/times.sty)
(/usr/local/texlive/2021/texmf-dist/tex/latex/url/url.sty)
(/usr/local/texlive/2021/texmf-dist/tex/latex/caption/caption.sty
(/usr/local/texlive/2021/texmf-dist/tex/latex/caption/caption3.sty))
(/usr/local/texlive/2021/texmf-dist/tex/latex/footmisc/footmisc.sty)
(/usr/local/texlive/2021/texmf-dist/tex/latex/psnfss/ot1ptm.fd)
(/usr/local/texlive/2021/texmf-dist/tex/latex/l3backend/l3backend-pdftex.def)
No file my_project_slides.aux.
(/usr/local/texlive/2021/texmf-dist/tex/context/base/mkii/supp-pdf.mkii
[Loading MPS to PDF converter (version 2006.09.02).]
) (/usr/local/texlive/2021/texmf-dist/tex/latex/epstopdf-pkg/epstopdf-base.sty
(/usr/local/texlive/2021/texmf-dist/tex/generic/infwarerr/infwarerr.sty)
(/usr/local/texlive/2021/texmf-dist/tex/latex/grfext/grfext.sty
(/usr/local/texlive/2021/texmf-dist/tex/generic/kvdefinekeys/kvdefinekeys.sty))
 (/usr/local/texlive/2021/texmf-dist/tex/latex/kvoptions/kvoptions.sty
(/usr/local/texlive/2021/texmf-dist/tex/generic/ltxcmds/ltxcmds.sty)
(/usr/local/texlive/2021/texmf-dist/tex/generic/kvsetkeys/kvsetkeys.sty))
(/usr/local/texlive/2021/texmf-dist/tex/generic/pdftexcmds/pdftexcmds.sty)
(/usr/local/texlive/2021/texmf-dist/tex/latex/latexconfig/epstopdf-sys.cfg))
*geometry* driver: auto-detecting
*geometry* detected driver: pdftex
*geometry* verbose mode - [ preamble ] result:
* driver: pdftex
* paper: <default>
* layout: <same size as paper>
* layoutoffset:(h,v)=(0.0pt,0.0pt)
* modes: 
* h-part:(L,W,R)=(72.26999pt, 469.75502pt, 72.26999pt)
* v-part:(T,H,B)=(72.26999pt, 650.43001pt, 72.26999pt)
* \paperwidth=614.295pt
* \paperheight=794.96999pt
* \textwidth=469.75502pt
* \textheight=650.43001pt
* \oddsidemargin=0.0pt
* \evensidemargin=0.0pt
* \topmargin=-37.0pt
* \headheight=12.0pt
* \headsep=25.0pt
* \topskip=12.0pt
* \footskip=30.0pt
* \marginparwidth=44.0pt
* \marginparsep=10.0pt
* \columnsep=10.0pt
* \skip\footins=10.8pt plus 4.0pt minus 2.0pt
* \hoffset=0.0pt
* \voffset=0.0pt
* \mag=1000
* \@twocolumnfalse
* \@twosidefalse
* \@mparswitchfalse
* \@reversemarginfalse
* (1in=72.27pt=25.4mm, 1cm=28.453pt)

(/usr/local/texlive/2021/texmf-dist/tex/latex/amsfonts/umsa.fd)
(/usr/local/texlive/2021/texmf-dist/tex/latex/amsfonts/umsb.fd)
(/usr/local/texlive/2021/texmf-dist/tex/latex/psnfss/ts1ptm.fd) [1{/usr/local/t
exlive/2021/texmf-var/fonts/map/pdftex/updmap/pdftex.map}]

Package natbib Warning: Citation `Arrow1974' on page 2 undefined on input line 
53.


Package natbib Warning: Citation `Becker2009' on page 2 undefined on input line
 53.


Package natbib Warning: Citation `Friedman1970' on page 2 undefined on input li
ne 53.

[2] [3] [4]
No file my_project_slides.bbl.
[5 <./input/figure_city.jpg> <./input/figure_hwy.jpg>] (./input/table_reg.tex)

Package natbib Warning: There were undefined citations.

[6] (./my_project_slides.aux)

LaTeX Warning: Label(s) may have changed. Rerun to get cross-references right.

 ){/usr/local/texlive/2021/texmf-dist/fonts/enc/dvips/base/8r.enc}</usr/local/t
exlive/2021/texmf-dist/fonts/type1/public/amsfonts/cm/cmmi10.pfb></usr/local/te
xlive/2021/texmf-dist/fonts/type1/public/amsfonts/cm/cmmi12.pfb></usr/local/tex
live/2021/texmf-dist/fonts/type1/public/amsfonts/cm/cmr10.pfb></usr/local/texli
ve/2021/texmf-dist/fonts/type1/public/amsfonts/cm/cmsy7.pfb></usr/local/texlive
/2021/texmf-dist/fonts/type1/public/amsfonts/cm/cmsy8.pfb></usr/local/texlive/2
021/texmf-dist/fonts/type1/urw/times/utmb8a.pfb></usr/local/texlive/2021/texmf-
dist/fonts/type1/urw/times/utmr8a.pfb></usr/local/texlive/2021/texmf-dist/fonts
/type1/urw/times/utmri8a.pfb>
Output written on my_project_slides.pdf (6 pages, 493136 bytes).
Transcript written on my_project_slides.log.










This is BibTeX, Version 0.99d (TeX Live 2021)
The top-level auxiliary file: my_project_slides.aux
The style file: apalike.bst
I couldn't open database file paper.bib
---line 14 of file my_project_slides.aux
 : \bibdata{paper
 :               }
I'm skipping whatever remains of this command
I found no database files---while reading file my_project_slides.aux
Warning--I didn't find a database entry for "Arrow1974"
Warning--I didn't find a database entry for "Becker2009"
Warning--I didn't find a database entry for "Friedman1970"
(There were 2 error messages)










This is pdfTeX, Version 3.141592653-2.6-1.40.22 (TeX Live 2021) (preloaded format=pdflatex)
 restricted \write18 enabled.
entering extended mode
(./my_project_slides.tex
LaTeX2e <2020-10-01> patch level 4
L3 programming layer <2021-02-18>
(/usr/local/texlive/2021/texmf-dist/tex/latex/base/article.cls
Document Class: article 2020/04/10 v1.4m Standard LaTeX document class
(/usr/local/texlive/2021/texmf-dist/tex/latex/base/size12.clo))
(/usr/local/texlive/2021/texmf-dist/tex/latex/float/float.sty)
(/usr/local/texlive/2021/texmf-dist/tex/latex/amsmath/amsmath.sty
For additional information on amsmath, use the `?' option.
(/usr/local/texlive/2021/texmf-dist/tex/latex/amsmath/amstext.sty
(/usr/local/texlive/2021/texmf-dist/tex/latex/amsmath/amsgen.sty))
(/usr/local/texlive/2021/texmf-dist/tex/latex/amsmath/amsbsy.sty)
(/usr/local/texlive/2021/texmf-dist/tex/latex/amsmath/amsopn.sty))
(/usr/local/texlive/2021/texmf-dist/tex/latex/amscls/amsthm.sty)
(/usr/local/texlive/2021/texmf-dist/tex/latex/amsfonts/amssymb.sty
(/usr/local/texlive/2021/texmf-dist/tex/latex/amsfonts/amsfonts.sty))
(/usr/local/texlive/2021/texmf-dist/tex/latex/graphics/graphicx.sty
(/usr/local/texlive/2021/texmf-dist/tex/latex/graphics/keyval.sty)
(/usr/local/texlive/2021/texmf-dist/tex/latex/graphics/graphics.sty
(/usr/local/texlive/2021/texmf-dist/tex/latex/graphics/trig.sty)
(/usr/local/texlive/2021/texmf-dist/tex/latex/graphics-cfg/graphics.cfg)
(/usr/local/texlive/2021/texmf-dist/tex/latex/graphics-def/pdftex.def)))
(/usr/local/texlive/2021/texmf-dist/tex/latex/natbib/natbib.sty)
(/usr/local/texlive/2021/texmf-dist/tex/latex/setspace/setspace.sty)
(/usr/local/texlive/2021/texmf-dist/tex/latex/geometry/geometry.sty
(/usr/local/texlive/2021/texmf-dist/tex/generic/iftex/ifvtex.sty
(/usr/local/texlive/2021/texmf-dist/tex/generic/iftex/iftex.sty)))
(/usr/local/texlive/2021/texmf-dist/tex/latex/datetime/datetime.sty
(/usr/local/texlive/2021/texmf-dist/tex/latex/etoolbox/etoolbox.sty)
(/usr/local/texlive/2021/texmf-dist/tex/latex/fmtcount/fmtcount.sty
(/usr/local/texlive/2021/texmf-dist/tex/latex/base/ifthen.sty)
(/usr/local/texlive/2021/texmf-dist/tex/latex/xkeyval/xkeyval.sty
(/usr/local/texlive/2021/texmf-dist/tex/generic/xkeyval/xkeyval.tex
(/usr/local/texlive/2021/texmf-dist/tex/generic/xkeyval/xkvutils.tex)))
(/usr/local/texlive/2021/texmf-dist/tex/latex/fmtcount/fcprefix.sty
(/usr/local/texlive/2021/texmf-dist/tex/latex/fmtcount/fcnumparser.sty)))
(/usr/local/texlive/2021/texmf-dist/tex/latex/datetime/datetime-defaults.sty))
(/usr/local/texlive/2021/texmf-dist/tex/generic/babel/babel.sty
(/usr/local/texlive/2021/texmf-dist/tex/generic/babel/babel.def
(/usr/local/texlive/2021/texmf-dist/tex/generic/babel/txtbabel.def))
(/usr/local/texlive/2021/texmf-dist/tex/generic/babel-english/english.ldf))
(/usr/local/texlive/2021/texmf-dist/tex/latex/psnfss/times.sty)
(/usr/local/texlive/2021/texmf-dist/tex/latex/url/url.sty)
(/usr/local/texlive/2021/texmf-dist/tex/latex/caption/caption.sty
(/usr/local/texlive/2021/texmf-dist/tex/latex/caption/caption3.sty))
(/usr/local/texlive/2021/texmf-dist/tex/latex/footmisc/footmisc.sty)
(/usr/local/texlive/2021/texmf-dist/tex/latex/psnfss/ot1ptm.fd)
(/usr/local/texlive/2021/texmf-dist/tex/latex/l3backend/l3backend-pdftex.def)
(./my_project_slides.aux)
(/usr/local/texlive/2021/texmf-dist/tex/context/base/mkii/supp-pdf.mkii
[Loading MPS to PDF converter (version 2006.09.02).]
) (/usr/local/texlive/2021/texmf-dist/tex/latex/epstopdf-pkg/epstopdf-base.sty
(/usr/local/texlive/2021/texmf-dist/tex/generic/infwarerr/infwarerr.sty)
(/usr/local/texlive/2021/texmf-dist/tex/latex/grfext/grfext.sty
(/usr/local/texlive/2021/texmf-dist/tex/generic/kvdefinekeys/kvdefinekeys.sty))
 (/usr/local/texlive/2021/texmf-dist/tex/latex/kvoptions/kvoptions.sty
(/usr/local/texlive/2021/texmf-dist/tex/generic/ltxcmds/ltxcmds.sty)
(/usr/local/texlive/2021/texmf-dist/tex/generic/kvsetkeys/kvsetkeys.sty))
(/usr/local/texlive/2021/texmf-dist/tex/generic/pdftexcmds/pdftexcmds.sty)
(/usr/local/texlive/2021/texmf-dist/tex/latex/latexconfig/epstopdf-sys.cfg))
*geometry* driver: auto-detecting
*geometry* detected driver: pdftex
*geometry* verbose mode - [ preamble ] result:
* driver: pdftex
* paper: <default>
* layout: <same size as paper>
* layoutoffset:(h,v)=(0.0pt,0.0pt)
* modes: 
* h-part:(L,W,R)=(72.26999pt, 469.75502pt, 72.26999pt)
* v-part:(T,H,B)=(72.26999pt, 650.43001pt, 72.26999pt)
* \paperwidth=614.295pt
* \paperheight=794.96999pt
* \textwidth=469.75502pt
* \textheight=650.43001pt
* \oddsidemargin=0.0pt
* \evensidemargin=0.0pt
* \topmargin=-37.0pt
* \headheight=12.0pt
* \headsep=25.0pt
* \topskip=12.0pt
* \footskip=30.0pt
* \marginparwidth=44.0pt
* \marginparsep=10.0pt
* \columnsep=10.0pt
* \skip\footins=10.8pt plus 4.0pt minus 2.0pt
* \hoffset=0.0pt
* \voffset=0.0pt
* \mag=1000
* \@twocolumnfalse
* \@twosidefalse
* \@mparswitchfalse
* \@reversemarginfalse
* (1in=72.27pt=25.4mm, 1cm=28.453pt)

(/usr/local/texlive/2021/texmf-dist/tex/latex/amsfonts/umsa.fd)
(/usr/local/texlive/2021/texmf-dist/tex/latex/amsfonts/umsb.fd)
(/usr/local/texlive/2021/texmf-dist/tex/latex/psnfss/ts1ptm.fd) [1{/usr/local/t
exlive/2021/texmf-var/fonts/map/pdftex/updmap/pdftex.map}]

Package natbib Warning: Citation `Arrow1974' on page 2 undefined on input line 
53.


Package natbib Warning: Citation `Becker2009' on page 2 undefined on input line
 53.


Package natbib Warning: Citation `Friedman1970' on page 2 undefined on input li
ne 53.

[2] [3] [4] (./my_project_slides.bbl

Package natbib Warning: Empty `thebibliography' environment on input line 3.

) [5] [6 <./input/figure_city.jpg> <./input/figure_hwy.jpg>]
(./input/table_reg.tex)

Package natbib Warning: There were undefined citations.

[7] (./my_project_slides.aux)

LaTeX Warning: Label(s) may have changed. Rerun to get cross-references right.

 ){/usr/local/texlive/2021/texmf-dist/fonts/enc/dvips/base/8r.enc}</usr/local/t
exlive/2021/texmf-dist/fonts/type1/public/amsfonts/cm/cmmi10.pfb></usr/local/te
xlive/2021/texmf-dist/fonts/type1/public/amsfonts/cm/cmmi12.pfb></usr/local/tex
live/2021/texmf-dist/fonts/type1/public/amsfonts/cm/cmr10.pfb></usr/local/texli
ve/2021/texmf-dist/fonts/type1/public/amsfonts/cm/cmsy7.pfb></usr/local/texlive
/2021/texmf-dist/fonts/type1/public/amsfonts/cm/cmsy8.pfb></usr/local/texlive/2
021/texmf-dist/fonts/type1/urw/times/utmb8a.pfb></usr/local/texlive/2021/texmf-
dist/fonts/type1/urw/times/utmr8a.pfb></usr/local/texlive/2021/texmf-dist/fonts
/type1/urw/times/utmri8a.pfb>
Output written on my_project_slides.pdf (7 pages, 493517 bytes).
Transcript written on my_project_slides.log.










This is pdfTeX, Version 3.141592653-2.6-1.40.22 (TeX Live 2021) (preloaded format=pdflatex)
 restricted \write18 enabled.
entering extended mode
(./my_project_slides.tex
LaTeX2e <2020-10-01> patch level 4
L3 programming layer <2021-02-18>
(/usr/local/texlive/2021/texmf-dist/tex/latex/base/article.cls
Document Class: article 2020/04/10 v1.4m Standard LaTeX document class
(/usr/local/texlive/2021/texmf-dist/tex/latex/base/size12.clo))
(/usr/local/texlive/2021/texmf-dist/tex/latex/float/float.sty)
(/usr/local/texlive/2021/texmf-dist/tex/latex/amsmath/amsmath.sty
For additional information on amsmath, use the `?' option.
(/usr/local/texlive/2021/texmf-dist/tex/latex/amsmath/amstext.sty
(/usr/local/texlive/2021/texmf-dist/tex/latex/amsmath/amsgen.sty))
(/usr/local/texlive/2021/texmf-dist/tex/latex/amsmath/amsbsy.sty)
(/usr/local/texlive/2021/texmf-dist/tex/latex/amsmath/amsopn.sty))
(/usr/local/texlive/2021/texmf-dist/tex/latex/amscls/amsthm.sty)
(/usr/local/texlive/2021/texmf-dist/tex/latex/amsfonts/amssymb.sty
(/usr/local/texlive/2021/texmf-dist/tex/latex/amsfonts/amsfonts.sty))
(/usr/local/texlive/2021/texmf-dist/tex/latex/graphics/graphicx.sty
(/usr/local/texlive/2021/texmf-dist/tex/latex/graphics/keyval.sty)
(/usr/local/texlive/2021/texmf-dist/tex/latex/graphics/graphics.sty
(/usr/local/texlive/2021/texmf-dist/tex/latex/graphics/trig.sty)
(/usr/local/texlive/2021/texmf-dist/tex/latex/graphics-cfg/graphics.cfg)
(/usr/local/texlive/2021/texmf-dist/tex/latex/graphics-def/pdftex.def)))
(/usr/local/texlive/2021/texmf-dist/tex/latex/natbib/natbib.sty)
(/usr/local/texlive/2021/texmf-dist/tex/latex/setspace/setspace.sty)
(/usr/local/texlive/2021/texmf-dist/tex/latex/geometry/geometry.sty
(/usr/local/texlive/2021/texmf-dist/tex/generic/iftex/ifvtex.sty
(/usr/local/texlive/2021/texmf-dist/tex/generic/iftex/iftex.sty)))
(/usr/local/texlive/2021/texmf-dist/tex/latex/datetime/datetime.sty
(/usr/local/texlive/2021/texmf-dist/tex/latex/etoolbox/etoolbox.sty)
(/usr/local/texlive/2021/texmf-dist/tex/latex/fmtcount/fmtcount.sty
(/usr/local/texlive/2021/texmf-dist/tex/latex/base/ifthen.sty)
(/usr/local/texlive/2021/texmf-dist/tex/latex/xkeyval/xkeyval.sty
(/usr/local/texlive/2021/texmf-dist/tex/generic/xkeyval/xkeyval.tex
(/usr/local/texlive/2021/texmf-dist/tex/generic/xkeyval/xkvutils.tex)))
(/usr/local/texlive/2021/texmf-dist/tex/latex/fmtcount/fcprefix.sty
(/usr/local/texlive/2021/texmf-dist/tex/latex/fmtcount/fcnumparser.sty)))
(/usr/local/texlive/2021/texmf-dist/tex/latex/datetime/datetime-defaults.sty))
(/usr/local/texlive/2021/texmf-dist/tex/generic/babel/babel.sty
(/usr/local/texlive/2021/texmf-dist/tex/generic/babel/babel.def
(/usr/local/texlive/2021/texmf-dist/tex/generic/babel/txtbabel.def))
(/usr/local/texlive/2021/texmf-dist/tex/generic/babel-english/english.ldf))
(/usr/local/texlive/2021/texmf-dist/tex/latex/psnfss/times.sty)
(/usr/local/texlive/2021/texmf-dist/tex/latex/url/url.sty)
(/usr/local/texlive/2021/texmf-dist/tex/latex/caption/caption.sty
(/usr/local/texlive/2021/texmf-dist/tex/latex/caption/caption3.sty))
(/usr/local/texlive/2021/texmf-dist/tex/latex/footmisc/footmisc.sty)
(/usr/local/texlive/2021/texmf-dist/tex/latex/psnfss/ot1ptm.fd)
(/usr/local/texlive/2021/texmf-dist/tex/latex/l3backend/l3backend-pdftex.def)
(./my_project_slides.aux)
(/usr/local/texlive/2021/texmf-dist/tex/context/base/mkii/supp-pdf.mkii
[Loading MPS to PDF converter (version 2006.09.02).]
) (/usr/local/texlive/2021/texmf-dist/tex/latex/epstopdf-pkg/epstopdf-base.sty
(/usr/local/texlive/2021/texmf-dist/tex/generic/infwarerr/infwarerr.sty)
(/usr/local/texlive/2021/texmf-dist/tex/latex/grfext/grfext.sty
(/usr/local/texlive/2021/texmf-dist/tex/generic/kvdefinekeys/kvdefinekeys.sty))
 (/usr/local/texlive/2021/texmf-dist/tex/latex/kvoptions/kvoptions.sty
(/usr/local/texlive/2021/texmf-dist/tex/generic/ltxcmds/ltxcmds.sty)
(/usr/local/texlive/2021/texmf-dist/tex/generic/kvsetkeys/kvsetkeys.sty))
(/usr/local/texlive/2021/texmf-dist/tex/generic/pdftexcmds/pdftexcmds.sty)
(/usr/local/texlive/2021/texmf-dist/tex/latex/latexconfig/epstopdf-sys.cfg))
*geometry* driver: auto-detecting
*geometry* detected driver: pdftex
*geometry* verbose mode - [ preamble ] result:
* driver: pdftex
* paper: <default>
* layout: <same size as paper>
* layoutoffset:(h,v)=(0.0pt,0.0pt)
* modes: 
* h-part:(L,W,R)=(72.26999pt, 469.75502pt, 72.26999pt)
* v-part:(T,H,B)=(72.26999pt, 650.43001pt, 72.26999pt)
* \paperwidth=614.295pt
* \paperheight=794.96999pt
* \textwidth=469.75502pt
* \textheight=650.43001pt
* \oddsidemargin=0.0pt
* \evensidemargin=0.0pt
* \topmargin=-37.0pt
* \headheight=12.0pt
* \headsep=25.0pt
* \topskip=12.0pt
* \footskip=30.0pt
* \marginparwidth=44.0pt
* \marginparsep=10.0pt
* \columnsep=10.0pt
* \skip\footins=10.8pt plus 4.0pt minus 2.0pt
* \hoffset=0.0pt
* \voffset=0.0pt
* \mag=1000
* \@twocolumnfalse
* \@twosidefalse
* \@mparswitchfalse
* \@reversemarginfalse
* (1in=72.27pt=25.4mm, 1cm=28.453pt)

(/usr/local/texlive/2021/texmf-dist/tex/latex/amsfonts/umsa.fd)
(/usr/local/texlive/2021/texmf-dist/tex/latex/amsfonts/umsb.fd)
(/usr/local/texlive/2021/texmf-dist/tex/latex/psnfss/ts1ptm.fd) [1{/usr/local/t
exlive/2021/texmf-var/fonts/map/pdftex/updmap/pdftex.map}]

Package natbib Warning: Citation `Arrow1974' on page 2 undefined on input line 
53.


Package natbib Warning: Citation `Becker2009' on page 2 undefined on input line
 53.


Package natbib Warning: Citation `Friedman1970' on page 2 undefined on input li
ne 53.

[2] [3] [4] (./my_project_slides.bbl

Package natbib Warning: Empty `thebibliography' environment on input line 3.

) [5] [6 <./input/figure_city.jpg> <./input/figure_hwy.jpg>]
(./input/table_reg.tex)

Package natbib Warning: There were undefined citations.

[7] (./my_project_slides.aux) ){/usr/local/texlive/2021/texmf-dist/fonts/enc/dv
ips/base/8r.enc}</usr/local/texlive/2021/texmf-dist/fonts/type1/public/amsfonts
/cm/cmmi10.pfb></usr/local/texlive/2021/texmf-dist/fonts/type1/public/amsfonts/
cm/cmmi12.pfb></usr/local/texlive/2021/texmf-dist/fonts/type1/public/amsfonts/c
m/cmr10.pfb></usr/local/texlive/2021/texmf-dist/fonts/type1/public/amsfonts/cm/
cmsy7.pfb></usr/local/texlive/2021/texmf-dist/fonts/type1/public/amsfonts/cm/cm
sy8.pfb></usr/local/texlive/2021/texmf-dist/fonts/type1/urw/times/utmb8a.pfb></
usr/local/texlive/2021/texmf-dist/fonts/type1/urw/times/utmr8a.pfb></usr/local/
texlive/2021/texmf-dist/fonts/type1/urw/times/utmri8a.pfb>
Output written on my_project_slides.pdf (7 pages, 493517 bytes).
Transcript written on my_project_slides.log.










