File headers
--------------------------------------------------------------------------------
/Users/zong/template/paper_slides/output/online_appendix.pdf
--------------------------------------------------------------------------------
Head not readable or less than 10 lines
--------------------------------------------------------------------------------
/Users/zong/template/paper_slides/output/text.pdf
--------------------------------------------------------------------------------
Head not readable or less than 10 lines
--------------------------------------------------------------------------------
/Users/zong/template/paper_slides/output/slides.pdf
--------------------------------------------------------------------------------
Head not readable or less than 10 lines
--------------------------------------------------------------------------------
/Users/zong/template/paper_slides/output/paper.pdf
--------------------------------------------------------------------------------
Head not readable or less than 10 lines
--------------------------------------------------------------------------------
/Users/zong/template/paper_slides/output/ondeck.pdf
--------------------------------------------------------------------------------
Head not readable or less than 10 lines
--------------------------------------------------------------------------------
/Users/zong/template/paper_slides/output/tables_filled.lyx
--------------------------------------------------------------------------------
Head not readable or less than 10 lines
--------------------------------------------------------------------------------
