--------------------------------------------------------------------------------
Versions log started: 2023-10-20 17:16:26
--------------------------------------------------------------------------------
# packages in environment at /usr/local/Caskroom/miniconda/base/envs/template:
#
# Name                    Version                   Build  Channel
anyio                     4.0.0              pyhd8ed1ab_0    conda-forge
appnope                   0.1.3              pyhd8ed1ab_0    conda-forge
argon2-cffi               23.1.0             pyhd8ed1ab_0    conda-forge
argon2-cffi-bindings      21.2.0          py312h104f124_4    conda-forge
arrow                     1.3.0              pyhd8ed1ab_0    conda-forge
astor                     0.8.1              pyh9f0ad1d_0    conda-forge
asttokens                 2.4.0              pyhd8ed1ab_0    conda-forge
async-lru                 2.0.4              pyhd8ed1ab_0    conda-forge
attrs                     23.1.0             pyh71513ae_1    conda-forge
babel                     2.13.0             pyhd8ed1ab_0    conda-forge
backcall                  0.2.0              pyh9f0ad1d_0    conda-forge
backports                 1.0                pyhd8ed1ab_3    conda-forge
backports.functools_lru_cache 1.6.5              pyhd8ed1ab_0    conda-forge
beautifulsoup4            4.12.2             pyha770c72_0    conda-forge
bleach                    6.1.0              pyhd8ed1ab_0    conda-forge
brotli                    1.1.0                h0dc2134_1    conda-forge
brotli-bin                1.1.0                h0dc2134_1    conda-forge
brotli-python             1.1.0           py312heafc425_1    conda-forge
bzip2                     1.0.8                h0d85af4_4    conda-forge
ca-certificates           2023.7.22            h8857fd0_0    conda-forge
cached-property           1.5.2                hd8ed1ab_1    conda-forge
cached_property           1.5.2              pyha770c72_1    conda-forge
certifi                   2023.7.22          pyhd8ed1ab_0    conda-forge
cffi                      1.16.0          py312h38bf5a0_0    conda-forge
charset-normalizer        3.3.0              pyhd8ed1ab_0    conda-forge
colorama                  0.4.6              pyhd8ed1ab_0    conda-forge
comm                      0.1.4              pyhd8ed1ab_0    conda-forge
contourpy                 1.1.1           py312h49ebfd2_1    conda-forge
cycler                    0.12.1             pyhd8ed1ab_0    conda-forge
debugpy                   1.8.0           py312heafc425_1    conda-forge
decorator                 5.1.1              pyhd8ed1ab_0    conda-forge
defusedxml                0.7.1              pyhd8ed1ab_0    conda-forge
entrypoints               0.4                pyhd8ed1ab_0    conda-forge
exceptiongroup            1.1.3              pyhd8ed1ab_0    conda-forge
executing                 1.2.0              pyhd8ed1ab_0    conda-forge
fonttools                 4.43.1          py312h41838bb_0    conda-forge
formulaic                 0.6.6              pyhd8ed1ab_0    conda-forge
fqdn                      1.5.1              pyhd8ed1ab_0    conda-forge
freetype                  2.12.1               h60636b9_2    conda-forge
gitdb                     4.0.11             pyhd8ed1ab_0    conda-forge
gitpython                 3.1.40             pyhd8ed1ab_0    conda-forge
graphlib-backport         1.0.3              pyhd8ed1ab_0    conda-forge
idna                      3.4                pyhd8ed1ab_0    conda-forge
importlib-metadata        6.8.0              pyha770c72_0    conda-forge
importlib_metadata        6.8.0                hd8ed1ab_0    conda-forge
importlib_resources       6.1.0              pyhd8ed1ab_0    conda-forge
interface_meta            1.3.0              pyhd8ed1ab_0    conda-forge
ipykernel                 6.25.2             pyh1050b4e_0    conda-forge
ipython                   8.16.1             pyh31c8845_0    conda-forge
ipython_genutils          0.2.0                      py_1    conda-forge
ipywidgets                8.1.1              pyhd8ed1ab_0    conda-forge
isoduration               20.11.0            pyhd8ed1ab_0    conda-forge
jedi                      0.19.1             pyhd8ed1ab_0    conda-forge
jinja2                    3.1.2              pyhd8ed1ab_1    conda-forge
json5                     0.9.14             pyhd8ed1ab_0    conda-forge
jsonpointer               2.4             py312hb401068_3    conda-forge
jsonschema                4.19.1             pyhd8ed1ab_0    conda-forge
jsonschema-specifications 2023.7.1           pyhd8ed1ab_0    conda-forge
jsonschema-with-format-nongpl 4.19.1             pyhd8ed1ab_0    conda-forge
jupyter                   1.0.0             pyhd8ed1ab_10    conda-forge
jupyter-lsp               2.2.0              pyhd8ed1ab_0    conda-forge
jupyter_client            8.4.0              pyhd8ed1ab_0    conda-forge
jupyter_console           6.6.3              pyhd8ed1ab_0    conda-forge
jupyter_core              5.4.0           py312hb401068_0    conda-forge
jupyter_events            0.8.0              pyhd8ed1ab_0    conda-forge
jupyter_server            2.8.0              pyhd8ed1ab_0    conda-forge
jupyter_server_terminals  0.4.4              pyhd8ed1ab_1    conda-forge
jupyterlab                4.0.7              pyhd8ed1ab_0    conda-forge
jupyterlab_pygments       0.2.2              pyhd8ed1ab_0    conda-forge
jupyterlab_server         2.25.0             pyhd8ed1ab_0    conda-forge
jupyterlab_widgets        3.0.9              pyhd8ed1ab_0    conda-forge
kiwisolver                1.4.5           py312h49ebfd2_1    conda-forge
lcms2                     2.15                 hd6ba6f3_3    conda-forge
lerc                      4.0.0                hb486fe8_0    conda-forge
libblas                   3.9.0           19_osx64_openblas    conda-forge
libbrotlicommon           1.1.0                h0dc2134_1    conda-forge
libbrotlidec              1.1.0                h0dc2134_1    conda-forge
libbrotlienc              1.1.0                h0dc2134_1    conda-forge
libcblas                  3.9.0           19_osx64_openblas    conda-forge
libcxx                    16.0.6               hd57cbcb_0    conda-forge
libdeflate                1.19                 ha4e1b8e_0    conda-forge
libexpat                  2.5.0                hf0c8a7f_1    conda-forge
libffi                    3.4.2                h0d85af4_5    conda-forge
libgfortran               5.0.0           13_2_0_h97931a8_1    conda-forge
libgfortran5              13.2.0               h2873a65_1    conda-forge
libjpeg-turbo             3.0.0                h0dc2134_1    conda-forge
liblapack                 3.9.0           19_osx64_openblas    conda-forge
libopenblas               0.3.24          openmp_h48a4ad5_0    conda-forge
libpng                    1.6.39               ha978bb4_0    conda-forge
libsodium                 1.0.18               hbcb3906_1    conda-forge
libsqlite                 3.43.2               h92b6c6a_0    conda-forge
libtiff                   4.6.0                h684deea_2    conda-forge
libwebp-base              1.3.2                h0dc2134_0    conda-forge
libxcb                    1.15                 hb7f2c08_0    conda-forge
libzlib                   1.2.13               h8a1eda9_5    conda-forge
linearmodels              5.3             py312h3f2338b_1    conda-forge
llvm-openmp               17.0.3               hb6ac08f_0    conda-forge
markupsafe                2.1.3           py312h104f124_1    conda-forge
matplotlib                3.8.0           py312hb401068_2    conda-forge
matplotlib-base           3.8.0           py312h1fe5000_2    conda-forge
matplotlib-inline         0.1.6              pyhd8ed1ab_0    conda-forge
mistune                   3.0.1              pyhd8ed1ab_0    conda-forge
munkres                   1.1.4              pyh9f0ad1d_0    conda-forge
mypy_extensions           1.0.0              pyha770c72_0    conda-forge
nbclient                  0.8.0              pyhd8ed1ab_0    conda-forge
nbconvert                 7.9.2              pyhd8ed1ab_0    conda-forge
nbconvert-core            7.9.2              pyhd8ed1ab_0    conda-forge
nbconvert-pandoc          7.9.2              pyhd8ed1ab_0    conda-forge
nbformat                  5.9.2              pyhd8ed1ab_0    conda-forge
ncurses                   6.4                  hf0c8a7f_0    conda-forge
nest-asyncio              1.5.8              pyhd8ed1ab_0    conda-forge
notebook                  7.0.6              pyhd8ed1ab_0    conda-forge
notebook-shim             0.2.3              pyhd8ed1ab_0    conda-forge
numpy                     1.26.0          py312h5df92dc_0    conda-forge
openjpeg                  2.5.0                ha4da562_3    conda-forge
openssl                   3.1.3                h8a1eda9_0    conda-forge
overrides                 7.4.0              pyhd8ed1ab_0    conda-forge
packaging                 23.2               pyhd8ed1ab_0    conda-forge
pandas                    2.1.1           py312hb3462e8_1    conda-forge
pandoc                    3.1.3                h9d075a6_0    conda-forge
pandocfilters             1.5.0              pyhd8ed1ab_0    conda-forge
parso                     0.8.3              pyhd8ed1ab_0    conda-forge
patsy                     0.5.3              pyhd8ed1ab_0    conda-forge
pexpect                   4.8.0              pyh1a96a4e_2    conda-forge
pickleshare               0.7.5                   py_1003    conda-forge
pillow                    10.1.0          py312h0c70c2f_0    conda-forge
pip                       23.3               pyhd8ed1ab_0    conda-forge
pkgutil-resolve-name      1.3.10             pyhd8ed1ab_1    conda-forge
platformdirs              3.11.0             pyhd8ed1ab_0    conda-forge
prometheus_client         0.17.1             pyhd8ed1ab_0    conda-forge
prompt-toolkit            3.0.39             pyha770c72_0    conda-forge
prompt_toolkit            3.0.39               hd8ed1ab_0    conda-forge
psutil                    5.9.5           py312h104f124_1    conda-forge
pthread-stubs             0.4               hc929b4f_1001    conda-forge
ptyprocess                0.7.0              pyhd3deb0d_0    conda-forge
pure_eval                 0.2.2              pyhd8ed1ab_0    conda-forge
pycparser                 2.21               pyhd8ed1ab_0    conda-forge
pygments                  2.16.1             pyhd8ed1ab_0    conda-forge
pyhdfe                    0.2.0              pyhd8ed1ab_0    conda-forge
pyobjc-core               10.0            py312h6b66c34_0    conda-forge
pyobjc-framework-cocoa    10.0            py312h6b66c34_1    conda-forge
pyparsing                 3.1.1              pyhd8ed1ab_0    conda-forge
pysocks                   1.7.1              pyha2e5f31_6    conda-forge
python                    3.12.0          h30d4d87_0_cpython    conda-forge
python-dateutil           2.8.2              pyhd8ed1ab_0    conda-forge
python-fastjsonschema     2.18.1             pyhd8ed1ab_0    conda-forge
python-json-logger        2.0.7              pyhd8ed1ab_0    conda-forge
python-tzdata             2023.3             pyhd8ed1ab_0    conda-forge
python_abi                3.12                    4_cp312    conda-forge
pytz                      2023.3.post1       pyhd8ed1ab_0    conda-forge
pyyaml                    6.0.1           py312h104f124_1    conda-forge
pyzmq                     25.1.1          py312h6dd8404_1    conda-forge
qtconsole-base            5.4.4              pyha770c72_0    conda-forge
qtpy                      2.4.0              pyhd8ed1ab_0    conda-forge
readline                  8.2                  h9e318b2_1    conda-forge
referencing               0.30.2             pyhd8ed1ab_0    conda-forge
requests                  2.31.0             pyhd8ed1ab_0    conda-forge
rfc3339-validator         0.1.4              pyhd8ed1ab_0    conda-forge
rfc3986-validator         0.1.1              pyh9f0ad1d_0    conda-forge
rpds-py                   0.10.6          py312h6e28e45_0    conda-forge
scipy                     1.11.3          py312h2c2f0bb_1    conda-forge
send2trash                1.8.2              pyhd1c38e8_0    conda-forge
setuptools                68.2.2             pyhd8ed1ab_0    conda-forge
six                       1.16.0             pyh6c4a22f_0    conda-forge
smmap                     5.0.0              pyhd8ed1ab_0    conda-forge
sniffio                   1.3.0              pyhd8ed1ab_0    conda-forge
soupsieve                 2.5                pyhd8ed1ab_1    conda-forge
stack_data                0.6.2              pyhd8ed1ab_0    conda-forge
statsmodels               0.14.0          py312h3f2338b_2    conda-forge
termcolor                 2.3.0              pyhd8ed1ab_0    conda-forge
terminado                 0.17.1             pyhd1c38e8_0    conda-forge
tinycss2                  1.2.1              pyhd8ed1ab_0    conda-forge
tk                        8.6.13               hef22860_0    conda-forge
tomli                     2.0.1              pyhd8ed1ab_0    conda-forge
tornado                   6.3.3           py312h104f124_1    conda-forge
traitlets                 5.11.2             pyhd8ed1ab_0    conda-forge
types-python-dateutil     2.8.19.14          pyhd8ed1ab_0    conda-forge
typing-extensions         4.8.0                hd8ed1ab_0    conda-forge
typing_extensions         4.8.0              pyha770c72_0    conda-forge
typing_utils              0.1.0              pyhd8ed1ab_0    conda-forge
tzdata                    2023c                h71feb2d_0    conda-forge
uri-template              1.3.0              pyhd8ed1ab_0    conda-forge
urllib3                   2.0.7              pyhd8ed1ab_0    conda-forge
wcwidth                   0.2.8              pyhd8ed1ab_0    conda-forge
webcolors                 1.13               pyhd8ed1ab_0    conda-forge
webencodings              0.5.1              pyhd8ed1ab_2    conda-forge
websocket-client          1.6.4              pyhd8ed1ab_0    conda-forge
wheel                     0.41.2             pyhd8ed1ab_0    conda-forge
widgetsnbextension        4.0.9              pyhd8ed1ab_0    conda-forge
wrapt                     1.15.0          py312h104f124_1    conda-forge
xorg-libxau               1.0.11               h0dc2134_0    conda-forge
xorg-libxdmcp             1.1.3                h35c211d_0    conda-forge
xz                        5.2.6                h775f41a_0    conda-forge
yaml                      0.2.5                h0d85af4_2    conda-forge
zeromq                    4.3.5                h93d8f39_0    conda-forge
zipp                      3.17.0             pyhd8ed1ab_0    conda-forge
zstd                      1.5.5                h829000d_0    conda-forge

