File headers
--------------------------------------------------------------------------------
/Users/zong/template/analysis/output/plot.eps
--------------------------------------------------------------------------------
%!PS-Adobe-3.0 EPSF-3.0
%%Title: output/plot.eps
%%Creator: matplotlib version 2.2.3, http://matplotlib.org/
%%CreationDate: Thu May  2 10:15:31 2019
%%Orientation: portrait
%%BoundingBox: 75 223 536 568
%%EndComments
%%BeginProlog
/mpldict 8 dict def
mpldict begin
--------------------------------------------------------------------------------
/Users/zong/template/analysis/output/tables.txt
--------------------------------------------------------------------------------
<tab:table>
150000.5
86602.685
300000
1





--------------------------------------------------------------------------------
