File headers
--------------------------------------------------------------------------------
/Users/zong/template/data/output/data_graph.csv
--------------------------------------------------------------------------------
x
1
2
3
4
5
6
7
8
9
--------------------------------------------------------------------------------
/Users/zong/template/data/output/data_table.csv
--------------------------------------------------------------------------------
"x"
1
2
3
4
5
6
7
8
9
--------------------------------------------------------------------------------
