--------------------------------------------------------------------------------
Versions log started: 2022-11-08 23:35:39
--------------------------------------------------------------------------------
# packages in environment at /usr/local/Caskroom/miniconda/base/envs/template:
#
# Name                    Version                   Build  Channel
appnope                   0.1.3              pyhd8ed1ab_0    conda-forge
argon2-cffi               21.3.0             pyhd8ed1ab_0    conda-forge
argon2-cffi-bindings      21.2.0          py310h1961e1f_2    conda-forge
astor                     0.8.1              pyh9f0ad1d_0    conda-forge
asttokens                 2.0.8              pyhd8ed1ab_0    conda-forge
attrs                     22.1.0             pyh71513ae_1    conda-forge
backcall                  0.2.0              pyh9f0ad1d_0    conda-forge
backports                 1.0                        py_2    conda-forge
backports.functools_lru_cache 1.6.4              pyhd8ed1ab_0    conda-forge
beautifulsoup4            4.11.1             pyha770c72_0    conda-forge
bleach                    5.0.1              pyhd8ed1ab_0    conda-forge
brotli                    1.0.9                h5eb16cf_7    conda-forge
brotli-bin                1.0.9                h5eb16cf_7    conda-forge
bzip2                     1.0.8                h0d85af4_4    conda-forge
c-ares                    1.18.1               h0d85af4_0    conda-forge
ca-certificates           2022.9.24            h033912b_0    conda-forge
cached_property           1.5.2              pyha770c72_1    conda-forge
certifi                   2022.9.24          pyhd8ed1ab_0    conda-forge
cffi                      1.15.1          py310h96bbf6e_0    conda-forge
colorama                  0.4.5              pyhd8ed1ab_0    conda-forge
contourpy                 1.0.5           py310ha23aa8a_0    conda-forge
curl                      7.85.0               h581aaea_0    conda-forge
cycler                    0.11.0             pyhd8ed1ab_0    conda-forge
cython                    0.29.32         py310hd4537e4_0    conda-forge
dbus                      1.13.6               h811a1a6_3    conda-forge
debugpy                   1.6.3           py310h154be8b_0    conda-forge
decorator                 5.1.1              pyhd8ed1ab_0    conda-forge
defusedxml                0.7.1              pyhd8ed1ab_0    conda-forge
entrypoints               0.4                pyhd8ed1ab_0    conda-forge
executing                 1.1.1              pyhd8ed1ab_0    conda-forge
expat                     2.4.9                hf0c8a7f_0    conda-forge
flit-core                 3.7.1              pyhd8ed1ab_0    conda-forge
fonttools                 4.37.4          py310h90acd4f_0    conda-forge
formulaic                 0.5.2              pyhd8ed1ab_0    conda-forge
freetype                  2.12.1               h3f81eb7_0    conda-forge
gettext                   0.19.8.1          h8a4c099_1009    conda-forge
git                       2.38.0          pl5321he9137ab_0    conda-forge
gitdb                     4.0.9              pyhd8ed1ab_0    conda-forge
gitpython                 3.1.29             pyhd8ed1ab_0    conda-forge
graphlib-backport         1.0.3              pyhd8ed1ab_0    conda-forge
icu                       69.1                 he49afe7_0    conda-forge
importlib-metadata        4.11.4          py310h2ec42d9_0    conda-forge
importlib_resources       5.10.0             pyhd8ed1ab_0    conda-forge
interface_meta            1.3.0              pyhd8ed1ab_0    conda-forge
ipykernel                 6.16.0             pyh736e0ef_0    conda-forge
ipython                   8.5.0              pyhd1c38e8_1    conda-forge
ipython_genutils          0.2.0                      py_1    conda-forge
ipywidgets                8.0.2              pyhd8ed1ab_1    conda-forge
jedi                      0.18.1             pyhd8ed1ab_2    conda-forge
jinja2                    3.1.2              pyhd8ed1ab_1    conda-forge
jpeg                      9e                   hac89ed1_2    conda-forge
jsonschema                4.16.0             pyhd8ed1ab_0    conda-forge
jupyter                   1.0.0           py310h2ec42d9_7    conda-forge
jupyter_client            7.4.1              pyhd8ed1ab_0    conda-forge
jupyter_console           6.4.4              pyhd8ed1ab_0    conda-forge
jupyter_core              4.11.1          py310h2ec42d9_0    conda-forge
jupyterlab_pygments       0.2.2              pyhd8ed1ab_0    conda-forge
jupyterlab_widgets        3.0.3              pyhd8ed1ab_0    conda-forge
kiwisolver                1.4.4           py310habb735a_0    conda-forge
krb5                      1.19.3               hb98e516_0    conda-forge
lcms2                     2.12                 h577c468_0    conda-forge
lerc                      4.0.0                hb486fe8_0    conda-forge
libblas                   3.9.0           16_osx64_openblas    conda-forge
libbrotlicommon           1.0.9                h5eb16cf_7    conda-forge
libbrotlidec              1.0.9                h5eb16cf_7    conda-forge
libbrotlienc              1.0.9                h5eb16cf_7    conda-forge
libcblas                  3.9.0           16_osx64_openblas    conda-forge
libclang                  13.0.1          default_he082bbe_0    conda-forge
libcurl                   7.85.0               h581aaea_0    conda-forge
libcxx                    14.0.6               hccf4f1f_0    conda-forge
libdeflate                1.14                 hb7f2c08_0    conda-forge
libedit                   3.1.20191231         h0678c8f_2    conda-forge
libev                     4.33                 haf1e3a3_1    conda-forge
libffi                    3.4.2                h0d85af4_5    conda-forge
libgfortran               5.0.0           10_4_0_h97931a8_25    conda-forge
libgfortran5              11.3.0              h082f757_25    conda-forge
libglib                   2.74.0               h3ba3332_0    conda-forge
libiconv                  1.17                 hac89ed1_0    conda-forge
liblapack                 3.9.0           16_osx64_openblas    conda-forge
libllvm13                 13.0.1               h64f94b2_2    conda-forge
libnghttp2                1.47.0               h5aae05b_1    conda-forge
libopenblas               0.3.21          openmp_h429af6e_3    conda-forge
libpng                    1.6.38               ha978bb4_0    conda-forge
libpq                     14.5                 h2ca9b15_0    conda-forge
libsodium                 1.0.18               hbcb3906_1    conda-forge
libsqlite                 3.39.4               ha978bb4_0    conda-forge
libssh2                   1.10.0               h47af595_3    conda-forge
libtiff                   4.4.0                hdb44e8a_4    conda-forge
libwebp-base              1.2.4                h775f41a_0    conda-forge
libxcb                    1.13              h0d85af4_1004    conda-forge
libzlib                   1.2.12               hfd90126_4    conda-forge
linearmodels              4.27            py310h1bbcd0e_0    conda-forge
llvm-openmp               14.0.4               ha654fa7_0    conda-forge
markupsafe                2.1.1           py310h1961e1f_1    conda-forge
matplotlib                3.6.1           py310h2ec42d9_0    conda-forge
matplotlib-base           3.6.1           py310he725631_0    conda-forge
matplotlib-inline         0.1.6              pyhd8ed1ab_0    conda-forge
mistune                   2.0.4              pyhd8ed1ab_0    conda-forge
munkres                   1.1.4              pyh9f0ad1d_0    conda-forge
mypy_extensions           0.4.3           py310h2ec42d9_5    conda-forge
mysql-common              8.0.30               hc4b2c72_1    conda-forge
mysql-libs                8.0.30               h8658499_1    conda-forge
nbclient                  0.7.0              pyhd8ed1ab_0    conda-forge
nbconvert                 7.2.1              pyhd8ed1ab_0    conda-forge
nbconvert-core            7.2.1              pyhd8ed1ab_0    conda-forge
nbconvert-pandoc          7.2.1              pyhd8ed1ab_0    conda-forge
nbformat                  5.7.0              pyhd8ed1ab_0    conda-forge
ncurses                   6.3                  h96cf925_1    conda-forge
nest-asyncio              1.5.6              pyhd8ed1ab_0    conda-forge
notebook                  6.4.12             pyha770c72_0    conda-forge
nspr                      4.32                 hcd9eead_1    conda-forge
nss                       3.78                 ha8197d3_0    conda-forge
numpy                     1.23.3          py310h1b7c290_0    conda-forge
openjpeg                  2.5.0                h5d0d7b0_1    conda-forge
openssl                   3.0.5                hfd90126_2    conda-forge
packaging                 21.3               pyhd8ed1ab_0    conda-forge
pandas                    1.5.0           py310hecf8f37_0    conda-forge
pandoc                    2.19.2               h694c41f_0    conda-forge
pandocfilters             1.5.0              pyhd8ed1ab_0    conda-forge
parso                     0.8.3              pyhd8ed1ab_0    conda-forge
patsy                     0.5.3              pyhd8ed1ab_0    conda-forge
pcre2                     10.37                h3f55489_1    conda-forge
perl                      5.32.1          2_h0d85af4_perl5    conda-forge
pexpect                   4.8.0              pyh9f0ad1d_2    conda-forge
pickleshare               0.7.5                   py_1003    conda-forge
pillow                    9.2.0           py310h54af1cc_2    conda-forge
pip                       22.2.2             pyhd8ed1ab_0    conda-forge
pkgutil-resolve-name      1.3.10             pyhd8ed1ab_0    conda-forge
prometheus_client         0.14.1             pyhd8ed1ab_0    conda-forge
prompt-toolkit            3.0.31             pyha770c72_0    conda-forge
prompt_toolkit            3.0.31               hd8ed1ab_0    conda-forge
property-cached           1.6.4                      py_0    conda-forge
property_cached           1.6.4                         0    conda-forge
psutil                    5.9.2           py310h90acd4f_0    conda-forge
pthread-stubs             0.4               hc929b4f_1001    conda-forge
ptyprocess                0.7.0              pyhd3deb0d_0    conda-forge
pure_eval                 0.2.2              pyhd8ed1ab_0    conda-forge
pycparser                 2.21               pyhd8ed1ab_0    conda-forge
pygments                  2.13.0             pyhd8ed1ab_0    conda-forge
pyhdfe                    0.1.0              pyhd8ed1ab_0    conda-forge
pyparsing                 3.0.9              pyhd8ed1ab_0    conda-forge
pyqt                      5.12.3          py310h2ec42d9_8    conda-forge
pyqt-impl                 5.12.3          py310hea9ccf3_8    conda-forge
pyqt5-sip                 4.19.18         py310hd046c34_8    conda-forge
pyqtchart                 5.12            py310hea9ccf3_8    conda-forge
pyqtwebengine             5.12.1          py310hea9ccf3_8    conda-forge
pyrsistent                0.18.1          py310h1961e1f_1    conda-forge
python                    3.10.6          hc14f532_0_cpython    conda-forge
python-dateutil           2.8.2              pyhd8ed1ab_0    conda-forge
python-fastjsonschema     2.16.2             pyhd8ed1ab_0    conda-forge
python_abi                3.10                    2_cp310    conda-forge
pytz                      2022.4             pyhd8ed1ab_0    conda-forge
pyyaml                    6.0             py310h1961e1f_4    conda-forge
pyzmq                     24.0.1          py310hf615a82_0    conda-forge
qt                        5.12.9               h2a607e2_5    conda-forge
qtconsole                 5.3.2              pyhd8ed1ab_0    conda-forge
qtconsole-base            5.3.2              pyha770c72_0    conda-forge
qtpy                      2.2.1              pyhd8ed1ab_0    conda-forge
readline                  8.1.2                h3899abd_0    conda-forge
scipy                     1.9.1           py310h240c617_0    conda-forge
send2trash                1.8.0              pyhd8ed1ab_0    conda-forge
setuptools                65.4.1             pyhd8ed1ab_0    conda-forge
setuptools-scm            7.0.5              pyhd8ed1ab_0    conda-forge
six                       1.16.0             pyh6c4a22f_0    conda-forge
smmap                     3.0.5              pyh44b312d_0    conda-forge
soupsieve                 2.3.2.post1        pyhd8ed1ab_0    conda-forge
sqlite                    3.39.4               h9ae0607_0    conda-forge
stack_data                0.5.1              pyhd8ed1ab_0    conda-forge
statsmodels               0.13.2          py310h1bbcd0e_0    conda-forge
termcolor                 2.0.1              pyhd8ed1ab_1    conda-forge
terminado                 0.16.0             pyhd1c38e8_0    conda-forge
tinycss2                  1.1.1              pyhd8ed1ab_0    conda-forge
tk                        8.6.12               h5dbffcc_0    conda-forge
tomli                     2.0.1              pyhd8ed1ab_0    conda-forge
tornado                   6.2             py310h6c45266_0    conda-forge
traitlets                 5.4.0              pyhd8ed1ab_0    conda-forge
typing-extensions         4.4.0                hd8ed1ab_0    conda-forge
typing_extensions         4.4.0              pyha770c72_0    conda-forge
tzdata                    2022d                h191b570_0    conda-forge
unicodedata2              14.0.0          py310h1961e1f_1    conda-forge
wcwidth                   0.2.5              pyh9f0ad1d_2    conda-forge
webencodings              0.5.1                      py_1    conda-forge
wheel                     0.37.1             pyhd8ed1ab_0    conda-forge
widgetsnbextension        4.0.3              pyhd8ed1ab_0    conda-forge
wrapt                     1.14.1          py310h6c45266_0    conda-forge
xorg-libxau               1.0.9                h35c211d_0    conda-forge
xorg-libxdmcp             1.1.3                h35c211d_0    conda-forge
xz                        5.2.6                h775f41a_0    conda-forge
yaml                      0.2.5                h0d85af4_2    conda-forge
zeromq                    4.3.4                he49afe7_1    conda-forge
zipp                      3.9.0              pyhd8ed1ab_0    conda-forge
zstd                      1.5.2                hfa58983_4    conda-forge

